<?xml version="1.0" encoding="UTF-8"?>
<testng-results skipped="0" failed="0" ignored="0" total="2" passed="2">
  <reporter-output>
  </reporter-output>
  <suite name="Suite" duration-ms="154176" started-at="2018-03-04T07:21:27Z" finished-at="2018-03-04T07:24:02Z">
    <groups>
    </groups>
    <test name="iPad Air" duration-ms="154176" started-at="2018-03-04T07:21:27Z" finished-at="2018-03-04T07:24:02Z">
      <class name="tests.LoginPageTest">
        <test-method status="PASS" signature="initiateBrowser(org.testng.ITestContext)[pri:0, instance:tests.LoginPageTest@1794d431]" name="initiateBrowser" is-config="true" duration-ms="66445" started-at="2018-03-04T11:21:27Z" finished-at="2018-03-04T11:22:34Z">
          <params>
            <param index="0">
              <value>
                <![CDATA[org.testng.TestRunner@1040be71]]>
              </value>
            </param>
          </params>
          <reporter-output>
          </reporter-output>
        </test-method> <!-- initiateBrowser -->
        <test-method status="PASS" signature="loginWithInValidCredentialsTest()[pri:0, instance:tests.LoginPageTest@1794d431]" name="loginWithInValidCredentialsTest" duration-ms="2" started-at="2018-03-04T11:22:34Z" finished-at="2018-03-04T11:22:34Z">
          <reporter-output>
          </reporter-output>
        </test-method> <!-- loginWithInValidCredentialsTest -->
        <test-method status="PASS" signature="quitBrowser()[pri:0, instance:tests.LoginPageTest@1794d431]" name="quitBrowser" is-config="true" duration-ms="16318" started-at="2018-03-04T11:22:34Z" finished-at="2018-03-04T11:22:50Z">
          <reporter-output>
          </reporter-output>
        </test-method> <!-- quitBrowser -->
        <test-method status="PASS" signature="initiateBrowser(org.testng.ITestContext)[pri:0, instance:tests.LoginPageTest@1794d431]" name="initiateBrowser" is-config="true" duration-ms="53103" started-at="2018-03-04T11:22:50Z" finished-at="2018-03-04T11:23:43Z">
          <params>
            <param index="0">
              <value>
                <![CDATA[org.testng.TestRunner@1040be71]]>
              </value>
            </param>
          </params>
          <reporter-output>
          </reporter-output>
        </test-method> <!-- initiateBrowser -->
        <test-method status="PASS" signature="quitBrowser()[pri:0, instance:tests.LoginPageTest@1794d431]" name="quitBrowser" is-config="true" duration-ms="18289" started-at="2018-03-04T11:23:43Z" finished-at="2018-03-04T11:24:02Z">
          <reporter-output>
          </reporter-output>
        </test-method> <!-- quitBrowser -->
        <test-method status="PASS" signature="loginWithValidCredentialsTest()[pri:0, instance:tests.LoginPageTest@1794d431]" name="loginWithValidCredentialsTest" duration-ms="0" started-at="2018-03-04T11:23:43Z" finished-at="2018-03-04T11:23:43Z">
          <reporter-output>
          </reporter-output>
        </test-method> <!-- loginWithValidCredentialsTest -->
      </class> <!-- tests.LoginPageTest -->
    </test> <!-- iPad Air -->
  </suite> <!-- Suite -->
</testng-results>
